# JRE version: OpenJDK Runtime Environment (8.0_242-b01) (build 1.8.0_242-release-1644-b01)
# Java VM: OpenJDK 64-Bit Server VM (25.242-b01 mixed mode windows-amd64 compressed oops)
Heap:
 PSYoungGen      total 388096K, used 139092K [0x00000000e0000000, 0x00000000f9980000, 0x0000000100000000)
  eden space 368128K, 37% used [0x00000000e0000000,0x00000000e87d52b0,0x00000000f6780000)
  from space 19968K, 0% used [0x00000000f8100000,0x00000000f8100000,0x00000000f9480000)
  to   space 25600K, 0% used [0x00000000f6780000,0x00000000f6780000,0x00000000f8080000)
 ParOldGen       total 99840K, used 39725K [0x00000000a0000000, 0x00000000a6180000, 0x00000000e0000000)
  object space 99840K, 39% used [0x00000000a0000000,0x00000000a26cb648,0x00000000a6180000)
 Metaspace       used 66585K, capacity 69470K, committed 69656K, reserved 1110016K
  class space    used 9180K, capacity 9737K, committed 9776K, reserved 1048576K
GC Heap History (10 events):
Event: 9.611 GC heap before
{Heap before GC invocations=9 (full 1):
 PSYoungGen      total 144896K, used 37008K [0x00000000e0000000, 0x00000000f1800000, 0x0000000100000000)
  eden space 133120K, 18% used [0x00000000e0000000,0x00000000e18a7470,0x00000000e8200000)
  from space 11776K, 99% used [0x00000000e8200000,0x00000000e8d7cba8,0x00000000e8d80000)
  to   space 15360K, 0% used [0x00000000f0900000,0x00000000f0900000,0x00000000f1800000)
 ParOldGen       total 48640K, used 9289K [0x00000000a0000000, 0x00000000a2f80000, 0x00000000e0000000)
  object space 48640K, 19% used [0x00000000a0000000,0x00000000a0912440,0x00000000a2f80000)
 Metaspace       used 34256K, capacity 35412K, committed 35496K, reserved 1079296K
  class space    used 4704K, capacity 5001K, committed 5040K, reserved 1048576K
Event: 9.634 GC heap after
Heap after GC invocations=9 (full 1):
 PSYoungGen      total 265216K, used 7827K [0x00000000e0000000, 0x00000000f1400000, 0x0000000100000000)
  eden space 253952K, 0% used [0x00000000e0000000,0x00000000e0000000,0x00000000ef800000)
  from space 11264K, 69% used [0x00000000f0900000,0x00000000f10a4dd8,0x00000000f1400000)
  to   space 14336K, 0% used [0x00000000ef800000,0x00000000ef800000,0x00000000f0600000)
 ParOldGen       total 48640K, used 9297K [0x00000000a0000000, 0x00000000a2f80000, 0x00000000e0000000)
  object space 48640K, 19% used [0x00000000a0000000,0x00000000a0914440,0x00000000a2f80000)
 Metaspace       used 34256K, capacity 35412K, committed 35496K, reserved 1079296K
  class space    used 4704K, capacity 5001K, committed 5040K, reserved 1048576K
}
Event: 9.634 GC heap before
{Heap before GC invocations=10 (full 2):
 PSYoungGen      total 265216K, used 7827K [0x00000000e0000000, 0x00000000f1400000, 0x0000000100000000)
  eden space 253952K, 0% used [0x00000000e0000000,0x00000000e0000000,0x00000000ef800000)
  from space 11264K, 69% used [0x00000000f0900000,0x00000000f10a4dd8,0x00000000f1400000)
  to   space 14336K, 0% used [0x00000000ef800000,0x00000000ef800000,0x00000000f0600000)
 ParOldGen       total 48640K, used 9297K [0x00000000a0000000, 0x00000000a2f80000, 0x00000000e0000000)
  object space 48640K, 19% used [0x00000000a0000000,0x00000000a0914440,0x00000000a2f80000)
 Metaspace       used 34256K, capacity 35412K, committed 35496K, reserved 1079296K
  class space    used 4704K, capacity 5001K, committed 5040K, reserved 1048576K
Event: 9.757 GC heap after
Heap after GC invocations=10 (full 2):
 PSYoungGen      total 265216K, used 0K [0x00000000e0000000, 0x00000000f1400000, 0x0000000100000000)
  eden space 253952K, 0% used [0x00000000e0000000,0x00000000e0000000,0x00000000ef800000)
  from space 11264K, 0% used [0x00000000f0900000,0x00000000f0900000,0x00000000f1400000)
  to   space 14336K, 0% used [0x00000000ef800000,0x00000000ef800000,0x00000000f0600000)
 ParOldGen       total 62464K, used 14338K [0x00000000a0000000, 0x00000000a3d00000, 0x00000000e0000000)
  object space 62464K, 22% used [0x00000000a0000000,0x00000000a0e00b58,0x00000000a3d00000)
 Metaspace       used 34256K, capacity 35412K, committed 35496K, reserved 1079296K
  class space    used 4704K, capacity 5001K, committed 5040K, reserved 1048576K
}
Event: 16.666 GC heap before
{Heap before GC invocations=11 (full 2):
 PSYoungGen      total 265216K, used 253952K [0x00000000e0000000, 0x00000000f1400000, 0x0000000100000000)
  eden space 253952K, 100% used [0x00000000e0000000,0x00000000ef800000,0x00000000ef800000)
  from space 11264K, 0% used [0x00000000f0900000,0x00000000f0900000,0x00000000f1400000)
  to   space 14336K, 0% used [0x00000000ef800000,0x00000000ef800000,0x00000000f0600000)
 ParOldGen       total 62464K, used 14338K [0x00000000a0000000, 0x00000000a3d00000, 0x00000000e0000000)
  object space 62464K, 22% used [0x00000000a0000000,0x00000000a0e00b58,0x00000000a3d00000)
 Metaspace       used 48058K, capacity 49944K, committed 50216K, reserved 1093632K
  class space    used 6472K, capacity 6854K, committed 6960K, reserved 1048576K
Event: 16.707 GC heap after
Heap after GC invocations=11 (full 2):
 PSYoungGen      total 268288K, used 14307K [0x00000000e0000000, 0x00000000f9480000, 0x0000000100000000)
  eden space 253952K, 0% used [0x00000000e0000000,0x00000000e0000000,0x00000000ef800000)
  from space 14336K, 99% used [0x00000000ef800000,0x00000000f05f8d28,0x00000000f0600000)
  to   space 19968K, 0% used [0x00000000f8100000,0x00000000f8100000,0x00000000f9480000)
 ParOldGen       total 62464K, used 23019K [0x00000000a0000000, 0x00000000a3d00000, 0x00000000e0000000)
  object space 62464K, 36% used [0x00000000a0000000,0x00000000a167ad38,0x00000000a3d00000)
 Metaspace       used 48058K, capacity 49944K, committed 50216K, reserved 1093632K
  class space    used 6472K, capacity 6854K, committed 6960K, reserved 1048576K
}
Event: 20.686 GC heap before
{Heap before GC invocations=12 (full 2):
 PSYoungGen      total 268288K, used 159631K [0x00000000e0000000, 0x00000000f9480000, 0x0000000100000000)
  eden space 253952K, 57% used [0x00000000e0000000,0x00000000e8deb068,0x00000000ef800000)
  from space 14336K, 99% used [0x00000000ef800000,0x00000000f05f8d28,0x00000000f0600000)
  to   space 19968K, 0% used [0x00000000f8100000,0x00000000f8100000,0x00000000f9480000)
 ParOldGen       total 62464K, used 23019K [0x00000000a0000000, 0x00000000a3d00000, 0x00000000e0000000)
  object space 62464K, 36% used [0x00000000a0000000,0x00000000a167ad38,0x00000000a3d00000)
 Metaspace       used 56783K, capacity 59096K, committed 59160K, reserved 1099776K
  class space    used 7761K, capacity 8238K, committed 8240K, reserved 1048576K
Event: 20.733 GC heap after
Heap after GC invocations=12 (full 2):
 PSYoungGen      total 388096K, used 19964K [0x00000000e0000000, 0x00000000f9980000, 0x0000000100000000)
  eden space 368128K, 0% used [0x00000000e0000000,0x00000000e0000000,0x00000000f6780000)
  from space 19968K, 99% used [0x00000000f8100000,0x00000000f947f320,0x00000000f9480000)
  to   space 25600K, 0% used [0x00000000f6780000,0x00000000f6780000,0x00000000f8080000)
 ParOldGen       total 62464K, used 30802K [0x00000000a0000000, 0x00000000a3d00000, 0x00000000e0000000)
  object space 62464K, 49% used [0x00000000a0000000,0x00000000a1e149f0,0x00000000a3d00000)
 Metaspace       used 56783K, capacity 59096K, committed 59160K, reserved 1099776K
  class space    used 7761K, capacity 8238K, committed 8240K, reserved 1048576K
}
Event: 20.733 GC heap before
{Heap before GC invocations=13 (full 3):
 PSYoungGen      total 388096K, used 19964K [0x00000000e0000000, 0x00000000f9980000, 0x0000000100000000)
  eden space 368128K, 0% used [0x00000000e0000000,0x00000000e0000000,0x00000000f6780000)
  from space 19968K, 99% used [0x00000000f8100000,0x00000000f947f320,0x00000000f9480000)
  to   space 25600K, 0% used [0x00000000f6780000,0x00000000f6780000,0x00000000f8080000)
 ParOldGen       total 62464K, used 30802K [0x00000000a0000000, 0x00000000a3d00000, 0x00000000e0000000)
  object space 62464K, 49% used [0x00000000a0000000,0x00000000a1e149f0,0x00000000a3d00000)
 Metaspace       used 56783K, capacity 59096K, committed 59160K, reserved 1099776K
  class space    used 7761K, capacity 8238K, committed 8240K, reserved 1048576K
Event: 21.176 GC heap after
Heap after GC invocations=13 (full 3):
 PSYoungGen      total 388096K, used 0K [0x00000000e0000000, 0x00000000f9980000, 0x0000000100000000)
  eden space 368128K, 0% used [0x00000000e0000000,0x00000000e0000000,0x00000000f6780000)
  from space 19968K, 0% used [0x00000000f8100000,0x00000000f8100000,0x00000000f9480000)
  to   space 25600K, 0% used [0x00000000f6780000,0x00000000f6780000,0x00000000f8080000)
 ParOldGen       total 99840K, used 39725K [0x00000000a0000000, 0x00000000a6180000, 0x00000000e0000000)
  object space 99840K, 39% used [0x00000000a0000000,0x00000000a26cb648,0x00000000a6180000)
 Metaspace       used 56764K, capacity 59030K, committed 59160K, reserved 1099776K
  class space    used 7755K, capacity 8227K, committed 8240K, reserved 1048576K
}

